31.010530108764478 = (-7)/(9-10+(14+(21+2/5/((-16)-27)+(-3))/(-16)+24)*(-18))-(-15)+16
-6.2429149797570815 = (-7)*(-1)+7+(10)/19-30/((-5)-2-((-10)+23+19)+26)*(-9)
67.84110962566845 = 28*(1/(-2)/10/(22/17*(-8))-(-4)/17*8)-5-(-20)
1299.3163265306123 = 11*((-16)*28/3-(6*((-17)-(23/(-1)+27)/1+(-19)*21)+11)*19/5/7)*(-15)/(-14)/11
7836.0 = 14/(-7)*(-12)*(24-(5+17)*(-5)/8*22)/1
89.05727808364725 = 4*15/(-18)+(15-(-17)/((-19)/5-20)-1+17+(-8)/((-6)-23)-(-4)/17)*3
-112.08695652173913 = 16*(-9)+(21-(21/(23)+4-17)-4/23)+17+(-18)
183.82488038277512 = 5-(-9)*(15/11+(9/1-((-18)+(-12)*25)+7-(-17))+28+(-7)+5)/19-12/30
313.0 = 28-4-((-19)/19)-29+21+((-5)+(-13))*(-17)-10
-5222.446428571428 = 1*(-10)*6*((-18)*26-5*(1/(-13)+15/((-15))*(-8)-(-20))/(-2)*(-13)-17)/(-16)-12/21
-38.359697527079504 = 20*10-(-16)/((-6)+(-2)-(14-(28+(26+19-10)/8/(-11)+(-2))/(-5)-6+(-4))*4)+17*(-14)
801.9714285714285 = (-2)*((-17)*24+19-((-3)/(-2)-((-2)-(-1))-2)/14-3/(-12))+19-27/(-5)
-63.427692307692304 = (-10)-19-3+(9*(18/15*3)*(-12)/(-13)-(25-9*7)/25)*(-1)
-0.9688109161793372 = 8/(-8)+(9-((-1)+(-6))*1)/19/(-3)/(-9)
14.0 = 19+(-10)/((-20))+(-12)-(-12)-((-6)-(-13)+19*(20-(-13))/6-(-9))-(-5)*23
483.85714285714283 = 27/7-(26-23)*1+19+18*(1)*25+2+12
1702.4 = 18/30+((-16)/(-20))+(-6)*(20*(7)+28/16)/(-9)*18
-13.818181818181817 = (-11)+(-15)-6-(28+(4+3+(-9)*(9+(-20)*2-((-16))+(-2)*(-8))-13*(-1)*15)-21)/(-11)
313400.0 = 20*(27-20*(-20)*((-2)-6-(-2))-(-10)*6-(-14)/((-7)/17/25)+29)*(-5)
-20.248249935182784 = 2/(19)*30/29/1+(5/(-14))+(-20)
21422.846972136827 = (-20)*(10/(-6)*(25/27)*(-20)+23*(14-(-18)*25)-15/(-11)/23)/(-10)+(-13)+30
21.555555555555557 = 12+1-(-1)+((-19))/(-9)*14-(15)+(-7)
37.10828375328376 = 10/30/(28+6+(-6))/22/25+23*(21/(15/(-7)+4)/27/3)*(-10)*(-1)-(-5)
-38.99303135888502 = (-1)+(6)/1+6/(26-3-(-15)+(29*23)-(-13)*12)+(-15)-29
-295679.0444444445 = (-10)-(-20)*(28*11*(-8))*6+(-8)/((-20)*(-9))+(-11)*(-1)
8.000439391442852 = (-6)*1*(-4)*(2/(19-(-15)*18)/14/(27)*1)+8
120.11111111111111 = 23+24*3-(10)/(-9)+30-(17*3-20)-(-16)+9
-93.925 = (-4)-(-3)/(-8)/((-5))-(-2)-(26-(-20)+(29+27+26)-11)+25
6.198863636363637 = (-16)+(-3)/(-11)/(24)+7+2-(-7)+(23+((-1))/4*5)/(-12)-(-8)
-0.025951557093425608 = (-10)/(2*(-7)+(-6)*((-19))/(-18)*13)/(-4)
