1720.3333333333333 = 15-2-26*6-27-27*11-26*(-3)*30+28/21*22+(-7)*26
-3.720833333333335 = (-2)/2*24+11+(-3)/16-28-13/(-10)+13+5/30+(-1)+24
-33.62957875457876 = (-10)*(-2)-18/21/16-(-1)/12+23/26*2+17-18/(-7)+18-9*10-13/13-2
218.45517241379312 = 4*9+2-15*(-10)+5/(-5)+21+4+12+(-4)/20+(-5)+(-10)/29
9479 = (-3)-3-19+2*22*27*8
55.737857142857145 = (-2)/14*(-1)+18/3*9+(-1)/4+(-10)+10-(-9)*(-7)/8*22/5/30+(-8)+11
40.54545454545455 = 6+(-10)/22+5-21+(-9)-26+8*11-2
9862.583333333334 = (-6)*(-9)*26*7-(-7)/12-4-(-1)+6-(-1)+30
-47.207622442916566 = 9+15+(-6)-9/17+21+9-19*8-6+20/22-25/(-9)*20+(-9)+18+5*(-3)/7
-27.618162393162397 = 27/5/(-2)*(-7)-1/8-29/9*17+8+(-5)/18*18*(-7)/15*6-(-8)-21+(-8)/13
-527.4674329501916 = 14*9+7/9*(-4)-3/(-4)*6+18+17/6+(-7)/29*9*4-30*23+23
70.0 = 18-30*7/(-10)+24+7
-179.25925925925924 = 26+1-(-10)*5+16-(-7)/27*(-1)-19*14-14+8
-539.9090909090909 = 25-12/22*9-24*18+(-2)-23*(-4)/4+(-10)*15+1
1368 = 29*24*2+6-30
39.561538461538476 = (-3)*4/(-8)*21/26-27*(-4)+4+16*29/(-10)+(-10)/1+11+(-7)/(-4)-30
235.84782608695653 = 8/23+16*15-9/2
-179.2450980392157 = 9/6+29+15/3+15/(-9)/1/(-10)*30/12*14*(-4)+(-6)*19-7/17-11*7
67 = 20+4-(-1)*26+17
875.6766304347826 = 17/23+21*28+18-25-(-10)+27-10*15-1/15*(-5)*22+24*16+(-9)/16-(-7)/6+15
38973.6 = 12/15*(-3)-26+8+5-11*23*9*(-1)*17+12-19-7+6*26+16*9-(-10)-16
-394.65 = 16*(-10)+(-5)/20+9/1-14*19-(-7)+4/(-10)+6*11-6*16+28+18
10.173913043478262 = 27-17-(-4)/23
-20.29453781512605 = 18/6/(-9)/28*18*(-8)-22+(-3)/17/20
-116.95857142857143 = 29/28/25-3*28+(-8)+(-8)+1-(-9)/(-10)*20
309.1894736842105 = 18*4*1/15*18+30*19-22*14+15*24/(-10)+15/19-16/4
-85.50982195176921 = 16/17*8+27/27-29+(-8)/(-5)/29/(-9)/(-8)-9+15-26/25+(-5)*14
274.25 = 8*30+21-12+8+6+(-4)*(-5)-(-4)+(-6)-27*2/8
-15 = 3-30-1-17-(-2)*10+(-2)-(-10)+2
301.0 = 1+11/6*3-24-26*(-1)+4-(-8)*(-5)*(-7)+30-25+28/8
