596.8333333333333 = 10-7-14-14+13*26-29+22*4-13-9*5/30-23/3+9+22*11-4
192.8875 = 25+2-28+8+2*26*3+14*3-26-9/2/20/2+16+2*8-24*15/20
-701.2190476190481 = 25+16*23-3/7*16*12-6-23*18*16+1+16/15-14*5-26+21*17*16
729.0833333333334 = 13/12+26*28
4440.878431372549 = 7/15+30*17*8+24/17+2+19+13*26
166.275 = 7*29-19/16*22-10-6/10
-6710 = 10-30*28*8
-1714.536231884058 = 29-3*16/18-26-10-14*5*24-25+3/23
-609.0549019607843 = 9/21*21+4-23+1*14-16-18+10-24*25+3+8-1*28/17*1/30
80 = 17+13+27+7+9+7
-139.0531400966184 = 5+23-20-25*5+18+22-8*27+11*19-17*16*11/9+29*22*10/23
62720 = 10*16*28*14
-212.94761904761904 = 24-6*9*3-16-28+1+6+22/21/20+20*5-23*30/5+11-11
81281.77566964286 = 23+17/8/16+8+15*26*11*19+5*27/10/21-28*9-8
104.98888888888888 = 11*25-2/12/15-17*10
25.39637139932058 = 7/24-10*9/5*2+21/29-9+21/19*28/13+2*28+11
191 = 15+16*13-30+13-15
856.4935897435898 = 21+3+24+28*10+5*17*9+22-24+24/26*12+6/24-20/24-18*13-11
831.7053969882775 = 1+1+6+22-25-15/23+29/18*17*29-17/30*23/11/16+21*20/26+17
126649.76666666666 = 12*20/6/3+18+14*28*17*19-17/30+3
2143.727095516569 = 28+10-21-8/19-10+26*24+24*4*16-15+26*23/27-13-17
-382.77272727272725 = 30-10-14*14-13-20*21+18/9*30-17/22*23+14/14*23*8
20764.0 = 21/27*23*21*30+22*18*24+30-19-4/4*21
0.4545454545454546 = 16-30+17-12/22-2
78.45454545454545 = 12+13/2*10+16/11
564.9338942307693 = 23+2+30*18-30/13/24*11/16
156.88049669628617 = 22+22/3+1-20/19/11+24-9+18/28-24+9*15
-197.34981684981685 = 8/12/1+19+29/7/26*25-26*20/8/5*17
-14726 = 15-9-11-22*6*19*6-27+11-15+22-21+11+27*13-5
7.84375 = 13-30/1/4/2/16*22
