-80.0 = 19*(-3)-(7+19)+5/1*(3)/5
40 = (-6)-22*(-1)-((-18)+((-19))*(-1)-16)-(-13)-4
284.8125 = (-20)+19*16+((-20)-(-17)+(5/(-13)*(18-(-3)*((-7)-(-10))/6*(-5)*18)*25)/(-2)/(-9)/8)+(-7)-(-3)
-19.799999999999997 = 11+((-10)*3)+8/(1/13+3)-(-17)/(-5)
10.99998401219992 = 10-(-14)+1/((-11)*3)/14/(-11)/((-20)/26)/16+(-13)
34.99968805009024 = (-14)/(17*12*5*(30+14)-5-(-4))-(-7)+29+(-1)
-237.60185185185185 = (-9)+(24+17*(-17)+(28/24*(26+(-7)-(-10))/(-18))*(-5)+15)-(-12)
364.18329794762917 = 11/9*23-(17/(-8)/(19-6*(-14)*(6+15+((-20)*5)-12*1+9)/14+2)+5-(-15))*2*(-8)+16
83.62068952684741 = 2/12/(-12)*((-2)*10/20)+11+22+22+((-7)/(17+3/16)/30-8-(-11))*(-13)/19*(-14)
6456.309523809524 = 4/2+((-4)*17*(6)/16-(28-26)/(-7)*12/(-18))+18*(-20)*(-18)
193 = (-11)+(28+14+(-17))*8-(14)+17+1
-25.645567499650983 = (-5)+20/(29)-1+(27+(10/(-5))/13+(-16)+21)/5/(-19)-20
96 = (-12)*21+(-2)*(18-(-10)*(-19))-26+27-((-17))-14
4.549919484702094 = 1*(-11)*(-10)/(1+1/26)/23-((-19)-(-20))/18*1*1
-1367.0 = (-9)*(4-(-11)*14)+30-7+24*(6-3-(-5))*1/6
18.46511627906977 = (-1)-(-11)+6-(3*22/(30+13)-1-22+(-10))-29
43.2063492063492 = (-10)/(-7)+15-((-6)-((-15)-(-17))*(-11)/(1)/18)+22
316.9498844780508 = 27/((-4)-21*25)/9+(-5)-((-19)-1/(-18))*17-(-1)/(-10)
-818.75 = 1-(-17)-((-7)*14/((-8))*23-8*((-10))*7)+5
-0.7533404702430515 = 30/(8+18/25*(30*(-14)+(1*(-5)-(-12)+((-10))-20/20)/19*(-12))+(-19)+(-7))*8
11.331103678929765 = 12-29+((-11))/1/3*(30/(21-18+(-16))-1-(-1)*4)*(-3)/23+28
40.96899714849897 = 28+(-5)/(1+(-5)*22-((-9)-2)-(-7)/(-18)-9/(10+10)-5*(-5)+(-4))+19/21+12
8683 = (-2)-(-3)-19+((-18)+11)-(-13)*26*25-(21*(-11))+27*1
2317.211111111111 = 5*19*25-(18/(-5))+(-7)/18+(15+((-15))-30+(-15)+(-6))-15-(-5)
14.764705882352942 = (-7)-(29+((-13)-30/17)-24+(-13))+(-1)
-76.94405594405595 = (-15)+6*((-3))*(-19)/(-13)+(28*(-2)-((-7))*(-2)/22)+21
-17.90344827586207 = 4-3-(12)+(-15)-19*2/((-18)+(30/24)/(-10))-(-6)
43.38736772486773 = 19*1/12*(6-(-4)-(-17)-(6/((-19)-(1+(-9))-(-4))+15+4)/9+19/(-20))+2*8/3
-43.11582167832168 = 1/(16)-30+30+(4-29+((-17)-26)/26-7*23)*6/22-(-8)
12.25 = (-3)-(-18)-((-11)+(2-17*(3)+6)*(-1)-12-(-2))+10/8+18
