-63.77142857142857 = 12/28-(-10)-4+23+27/15-25-28-3*14
-63 = (-7)-12-22-1-21
-53.85714285714286 = 1-10*(-9)-(-6)+6*(-2)/14-5*30/1
-54.99298154341632 = 9+(-2)+(-8)+27/23-11-6*21-21/27/(-3)+29+(-9)/26+7/25-26*(-2)+16/25
47049.37619047619 = 24+5+(-9)*19+11*11*26*15-2-2/(-7)*25/15+29/10
-1868.392857142857 = 18-7-10-27*(-7)*(-10)-(-3)+11/4-(-7)+7-27/(-7)+1+(-6)-4-10+16
56381.454545454544 = 2*7-4-12/(-3)*19+27/11-11+(-4)*26+4*10+27*24*3*29-8
413.99995253284726 = 24+6-17-(-5)*(-1)-8*17+26*22-4-26-1*(-5)/22/(-9)/19/28
3702.225834350834 = 9/26*(-3)*(-7)*20*25+7/21/21/28/6*(-7)-23+19+(-9)*(-6)+17+11/18
-19.61798245614035 = 16+16-21-21+20/15+21/19/15-7/(-8)*(-9)*21/15
4.0 = 11+(-4)+(-5)*15/25
-581 = 30+30-26+6+1-21*30+1-19+21-20+25*1
-252.08823529411765 = 22/4/11-(-1)*11-23+24/17-2-20*12
14.217290552584668 = 12/(-10)/17+8+(-4)*(-1)*(-5)-8+29-7+30/(-4)+25+(-10)/15+6-21/22*10-1
-86.86369770580296 = (-3)-27-5-17-25-7/21/19+30/26-6+18-21-2
206.72619047619048 = 6-5/3+27*13-11/(-4)+(-5)/14+(-5)*27-16
323.0076923076923 = (-5)/26-8*24/15-(-10)*30-13-28*7/(-2)/2
37.1108547008547 = 12-12+30/15/18+1/30/26/(-5)-4+(-1)-(-2)*21
-47.134032634032636 = 4-17*3+23/26/22/(-3)*10
-1823.04 = (-1)/25+(-4)+18+(-4)+12*(-10)*16+24*5+(-9)-(-2)-15-8-3
589.5769230769231 = 23*25+5-(-10)-11/26
15.4752886002886 = 20+17/14/4+11+(-6)*17/22/27*3/(-3)-12-9+10/2
-19115.69728395062 = 15*(-7)-11+6-(-6)/6-1+23*12*20/27*19*22/9*(-2)-17-(-8)*6/25
49.187820512820515 = 2*(-8)/30-(-7)*10-15/(-8)-22-2/13
144.02469135802468 = (-4)/9/(-1)/18+4-26+18-9-18/1*(-6)+23+26
35.72959183673469 = 26/14*7*1-21/4+29-8-(-6)+15-4*(-4)-(-4)-26+1*11-12/21/28-9-10
-72.33018518518519 = (-6)*15+15+19-5/27+28-(-9)-(-3)+6/4*26/16/1/25*11*(-2)-(-8)*(-10)+26
100.83333333333331 = 7-23*(-3)-5*(-6)*(-3)-10/15-6-14*26-(-2)+13*(-6)*3*(-2)+8+(-4)+4+30/4
-205.075 = (-4)-15/16*22*1+(-9)+(-9)+(-9)*19*19/20
-7 = 5-4+2-10
