1.1065476190476193 = 19+25-15/21-19/10*14-7-19/8/30+10/20*5-1*11
-674.3384615384616 = 6+21+15-22-24*18-4-15+13*22/4-10+21/5-27/26+28-16*21
-2759.8888888888887 = 11*1/12*2/15*5-15*23*8+7-15/2
251.56491228070178 = 10+18*11-5+12-26/19-28+30+12+17+30-23-2/30
257.2894736842105 = 15*10+8+5-17*4+9+5+8*8+13/2+9*10-23/19-10*4+4+25
15.0 = 4-30/6+16
51.8733469965354 = 21*4/9/27-19/22-14/23+17*6-28/6*15+1+6+14
235.132267329088 = 30*5+10*14-22-21-30/11-8-11/23-20/27-21+29/16/25*26/8/3+21
209.72727272727275 = 20+16-7-4+7+6/6+17*23+27-26-19*28/2/19/11+14-19*12
2.8243246691389077 = 25+1-7+13/17*22+6-29-10+11/26/28/19
107.75 = 30*1*25/8+22-18+10
-23.883333333333333 = 20-16+4*14/24/20+9-12-13-20+8
114.29535353535351 = 9*8+24+10-11-28/18+12/11+1-3+21+22+4-6/25+3/1-28
9.083333333333334 = 1/6/2+9
323.9318181818182 = 26+9*3/4-3+14*22-4+5-20+12-9+24/11
-296.508 = 25/6-16/25*7/30*2*19+1+18-28*12+22
2.5 = 6-12+12/24+8
201129.64285714287 = 1*4-6/7+17*29*17*24-14/24*30
-86.69444444444444 = 12-30/4/30-10-24-30/30*20/9*29
83468.48 = 13*21/20*24/16/15*7*24*14*26-4
1146.6296296296296 = 15*4-11/3*27-15/1+17/27+6*25*16/2
23.346153846153847 = 21+24-4/16*22-10/13*21
21.17532894736842 = 19+21/18/7*9*27/19+7/20/8
-1484.9565217391305 = 2-17-13-13*12-21-21/7-2*24*25+27/1/23*6-18-3*22
2028.2100840336134 = 28-22+6/17-21+16+11/7*4+23-11+24*27*22/7-28
-432.39121880298353 = 4*23/12*10/9-22-17*25+1/11-8/2/26/14/17+29+4-27
9845.325 = 22*15*30-25*9/18-26+14-7/20/2-30
934.3636363636364 = 29*24+17-14*10-15-8/22*21+28*12+8+22+22+9*4-11-29
9.333333333333334 = 15-5-10/15
538 = 27+20*29-24*4-6*10+19-15+29+27*2
