-44 = 18/14-27+20/30-19*24/7+10/15+30+16+24/6-15-3/13+12
10220 = 18*21*27+2-9+21
3534 = 3/27+6*12-29-23+10/3/1/5+21+29*12*10-18/17/15*18+13*1
32 = 16-26/17*6/11/28-23*6/11/17/11*27+16
31 = 8+28+7/22/10*21+10-15
369 = 16+7/3+22+26/13*24+19/15-1/11*9+26+11*25-21+26/14/15
44 = 24+8-29+20-11/1/8-9/18+22
-194 = 26/20/21-26*11+27/19/24+13*8-17+26-4/29*2/30+11-14-18+14/23
-68 = 21*1+17+26/5/3*23+28-6/14+18-24*15+13+28+18*8
-11 = 29/3-21*3-9+11+6/1/12/2+6+21/3+28
-3348 = 14-28/23/29*28/20-19*2+6*18-13*24*11
0 = 6/13*5+3/16
77 = 23/5+13+11*3-19/5/13+11+16
490 = 4-7+10+4*10*15/28*23
33 = 12/2+8+2+29+22*14/10-25-23-19/8+19+20-23+22-10*3
790 = 28*29-25+2+1
256 = 28-1/24+1*29+25/14+29/17+9*22-26/24
350 = 21-18*22/25+20*28-24-19*13+18/14*17+30+8+13-16+4-4*28/17/4
87 = 23/1+5+24*2+11
339 = 26+5/20-23/30/19+8*17+29+16*4/9*20+8
30 = 18/19/13*6+10/20*16+1+6+11/9+21+12/3*19/6/11
952 = 24*24+24-24+12*8+28*10
-371 = 15+25-27*12+13/28*15-28/11-16/12-6*13-6+3/21
-28 = 1/22/10/14-2-18-8*27/27+23/25/4
-47 = 16-17+6-15+10/25*26*9-28-4/27-29+7+10/24*1-26+27+12
41 = 26+13+6/21+18+7-28/8*30+8-6+25+3+30+7
154 = 25+26*22/5-10+7/28+25-3/26
-68 = 27/3*13-18+26-6*30-26+15*20/23
5476 = 18+17+14/9+17-4/3/12+24*19+28*10+13*17*21+27+19
16 = 30+19*7/4-2-18-3/7+3-30
