51 = 29-(-6)*1-(-3)*14*(-1)/16*(-3)+23/27+(-9)+28+(-5)/29/5-8
36 = 18-9+11+22/26-(-2)*23-30
-1478 = 20-21-27-10*(-7)/21*9/3*1*27*(-6)+21*25-3+(-4)-24
2808 = 8+6/29-(-2)*20*(-10)*(-7)+8/(-5)/5/(-4)/9
-63 = 13-29/21/1-28*3+13-28/24+(-3)-9/26
-95 = 26+15*8+(-5)+7-9*27
22 = 2+20+11/27
11 = 23+20/26-29+(-7)/16+29/13/(-2)+11/14+18+1
-25 = 17/10/14-25
-107 = 3-5*26+14/8+26-7
-19 = 22/15/30+11*(-10)/18/(-2)+(-4)-18
-9246 = 27/28-7+7*(-9)-6+(-7)/10/2*14*(-5)-30*22*14
158 = (-2)/22+29*1+12*13-26
214 = (-7)*8-17+19*11*23/27+18-26*(-5)+4-5+(-9)/17-16+(-10)+5/11-4*(-2)-19
-42166 = 26*30*(-10)*1*27/5-4-13/17+(-7)*6
-18 = 15/11/22*26-18
-422 = (-3)-13+1*(-7)/4+28+25+(-9)*6-5*3-28+(-8)/19*18*20
279 = 17-13+(-9)-(-8)+12*23
11 = 18-30+18-(-5)*1
71 = 24+17*11+27*24/(-5)-18/3-12*(-6)/7-15
-141 = 26-27*7+6-13+29
-195 = 9*30-28*13-(-3)-(-2)+(-1)+(-9)*11-6
-2031 = 25-18*12-16*5*23
153 = 30-5*26+(-6)/10*29*(-9)+1-29/3
-465 = 20-27-28-6+(-5)-6+24/1+12-9*1*4*13+19-(-1)/27+4/(-10)*16/17
28 = (-8)-30/9/16*(-3)-(-6)-(-4)/21/7/(-1)/(-9)/5/(-10)/(-6)-(-5)+25
-10 = 6-5-(-1)/25/27/7-19+13+2+1-17-24/(-10)-(-6)+(-10)*1+9
2 = 30+9/22/30/28-28
2 = 28+11+14+25/24-30-30/13+(-1)*13+23-30
-375 = 20+19*12-19-(-6)+27-25*23+18/(-1)-(-9)*24/10/12*3+11/(-5)-18-29
