-34 = 25*6/8-20-21/23-5-27
823 = 27*4*4-20*6+19*26+17+17*28/29/25
336 = 18+1/27/29*24+1+30+30*10+5-24+14-25+23*7/9
11 = 25-17/14+6-19
4459 = 7*7*7*13
-78 = 4/12/15*20*24/28-16*6+18-14+14
7979 = 24*26/21*22/22*13*21+5*10+13+7/6/30/19-22/3/6
0 = 9/21-18/18+2+23-28/23-23+13/14/11
48 = 27+9/28+21
11885 = 28/1*1*17*27+2-13*20-16*22/8-17/27-10/17+1+10-3+3-26*26
111 = 13*9/24*24-12+27
-287 = 5-5*13*2*2+4-9-29+22/26+23-21
-86366 = 27*9*10-11*25*19*17+15+7+15-8
5716 = 11*18+22-29+15*29*13/10-13-15+22*10*22-20/15-10-13+19*8+20
-1529 = 20-2*15*14*6/29*8-28-29*16/29*19/11*26-13-13*11-11*1+12+24
8820 = 19+23/10/4+16+5+29+30+3*9*17*19-8*25/26/17
201 = 30-9-26-18-26+24*7+19+9+25+29
-1477 = 15+13*25-19/7-27-30+26+10+18/30-7+20/17*17-8*9*25+15-19
-612 = 8+19-22+12/27*4-24*29+27/10/8+15+1/1/8+21+2*6/11+20+22
-1356 = 23/9-11+5*20-2/18*21-25/18/17/25+23-8*16*12+29*27/15+14
22 = 2-12+20-12+11/21-2*27+17+8+8-5+5*10
6828 = 6/11+3+24*20+2*24/30+11*23*25+22/20+18
166 = 11*14-18-26/14+21+10
403 = 5-5/11-11-30-22+2+9/7*17+27*10+28/9+21*9-20
7005 = 30*22/14-27/11*7-25-15/8+7+17*11+27*28*9
-900 = 12/29-16-19*17-20*29+19
12 = 10/18/26+12-17/1/7/18
-93 = 24+28*5/13-8/2-14+18*2+7*3-3*25*1-4/11/29-22*4-25/8
21 = 9/5+27/26/6+20
-94 = 10-10-7-29*3
